<?xml version="1.0" encoding="UTF-8"?>
<testng-results ignored="0" total="1" passed="1" failed="0" skipped="0">
  <reporter-output>
    <line>
      <![CDATA[testcase2 running]]>
    </line>
  </reporter-output>
  <suite started-at="2023-01-09T16:43:21 IST" name="Default suite" finished-at="2023-01-09T16:43:21 IST" duration-ms="33">
    <groups>
    </groups>
    <test started-at="2023-01-09T16:43:21 IST" name="Default test" finished-at="2023-01-09T16:43:21 IST" duration-ms="33">
      <class name="pack1.Tc_2testcase2">
        <test-method signature="m2()[pri:0, instance:pack1.Tc_2testcase2@66498326]" started-at="2023-01-09T16:43:21 IST" name="m2" finished-at="2023-01-09T16:43:21 IST" duration-ms="7" status="PASS">
          <reporter-output>
            <line>
              <![CDATA[testcase2 running]]>
            </line>
          </reporter-output>
        </test-method> <!-- m2 -->
      </class> <!-- pack1.Tc_2testcase2 -->
    </test> <!-- Default test -->
  </suite> <!-- Default suite -->
</testng-results>
