<?xml version="1.0" encoding="UTF-8"?>
<testng-results ignored="0" total="2" passed="2" failed="0" skipped="0">
  <reporter-output>
    <line>
      <![CDATA[test case running]]>
    </line>
    <line>
      <![CDATA[testcase2 running]]>
    </line>
  </reporter-output>
  <suite started-at="2023-01-10T14:34:20 IST" name="Suite" finished-at="2023-01-10T14:34:20 IST" duration-ms="60">
    <groups>
    </groups>
    <test started-at="2023-01-10T14:34:20 IST" name="Test" finished-at="2023-01-10T14:34:20 IST" duration-ms="60">
      <class name="pack1.Tc_1testcase">
        <test-method signature="m1()[pri:0, instance:pack1.Tc_1testcase@1e6454ec]" started-at="2023-01-10T14:34:20 IST" name="m1" finished-at="2023-01-10T14:34:20 IST" duration-ms="11" status="PASS">
          <reporter-output>
            <line>
              <![CDATA[test case running]]>
            </line>
          </reporter-output>
        </test-method> <!-- m1 -->
      </class> <!-- pack1.Tc_1testcase -->
      <class name="pack1.Tc_2testcase2">
        <test-method signature="m2()[pri:0, instance:pack1.Tc_2testcase2@2accdbb5]" started-at="2023-01-10T14:34:20 IST" name="m2" finished-at="2023-01-10T14:34:20 IST" duration-ms="1" status="PASS">
          <reporter-output>
            <line>
              <![CDATA[testcase2 running]]>
            </line>
          </reporter-output>
        </test-method> <!-- m2 -->
      </class> <!-- pack1.Tc_2testcase2 -->
    </test> <!-- Test -->
  </suite> <!-- Suite -->
</testng-results>
